/home/belal/ros2_ws/src/assignment1_rt/install/assignment1_rt/lib/python3.12/site-packages/assignment1_rt/ui_node.py
/home/belal/ros2_ws/src/assignment1_rt/install/assignment1_rt/lib/python3.12/site-packages/assignment1_rt/distance_checks.py
/home/belal/ros2_ws/src/assignment1_rt/install/assignment1_rt/lib/python3.12/site-packages/assignment1_rt/distance_monitor.py
/home/belal/ros2_ws/src/assignment1_rt/install/assignment1_rt/lib/python3.12/site-packages/assignment1_rt/__init__.py
/home/belal/ros2_ws/src/assignment1_rt/install/assignment1_rt/lib/python3.12/site-packages/assignment1_rt/turtle_spawn.py
/home/belal/ros2_ws/src/assignment1_rt/install/assignment1_rt/lib/python3.12/site-packages/assignment1_rt/__pycache__/ui_node.cpython-312.pyc
/home/belal/ros2_ws/src/assignment1_rt/install/assignment1_rt/lib/python3.12/site-packages/assignment1_rt/__pycache__/distance_checks.cpython-312.pyc
/home/belal/ros2_ws/src/assignment1_rt/install/assignment1_rt/lib/python3.12/site-packages/assignment1_rt/__pycache__/distance_monitor.cpython-312.pyc
/home/belal/ros2_ws/src/assignment1_rt/install/assignment1_rt/lib/python3.12/site-packages/assignment1_rt/__pycache__/__init__.cpython-312.pyc
/home/belal/ros2_ws/src/assignment1_rt/install/assignment1_rt/lib/python3.12/site-packages/assignment1_rt/__pycache__/turtle_spawn.cpython-312.pyc
/home/belal/ros2_ws/src/assignment1_rt/install/assignment1_rt/share/ament_index/resource_index/packages/assignment1_rt
/home/belal/ros2_ws/src/assignment1_rt/install/assignment1_rt/share/assignment1_rt/package.xml
/home/belal/ros2_ws/src/assignment1_rt/install/assignment1_rt/share/assignment1_rt/launch
/home/belal/ros2_ws/src/assignment1_rt/install/assignment1_rt/lib/python3.12/site-packages/assignment1_rt-0.0.0-py3.12.egg-info/requires.txt
/home/belal/ros2_ws/src/assignment1_rt/install/assignment1_rt/lib/python3.12/site-packages/assignment1_rt-0.0.0-py3.12.egg-info/zip-safe
/home/belal/ros2_ws/src/assignment1_rt/install/assignment1_rt/lib/python3.12/site-packages/assignment1_rt-0.0.0-py3.12.egg-info/dependency_links.txt
/home/belal/ros2_ws/src/assignment1_rt/install/assignment1_rt/lib/python3.12/site-packages/assignment1_rt-0.0.0-py3.12.egg-info/top_level.txt
/home/belal/ros2_ws/src/assignment1_rt/install/assignment1_rt/lib/python3.12/site-packages/assignment1_rt-0.0.0-py3.12.egg-info/entry_points.txt
/home/belal/ros2_ws/src/assignment1_rt/install/assignment1_rt/lib/python3.12/site-packages/assignment1_rt-0.0.0-py3.12.egg-info/PKG-INFO
/home/belal/ros2_ws/src/assignment1_rt/install/assignment1_rt/lib/python3.12/site-packages/assignment1_rt-0.0.0-py3.12.egg-info/SOURCES.txt
/home/belal/ros2_ws/src/assignment1_rt/install/assignment1_rt/lib/assignment1_rt/distance_monitor
/home/belal/ros2_ws/src/assignment1_rt/install/assignment1_rt/lib/assignment1_rt/turtle_spawn
/home/belal/ros2_ws/src/assignment1_rt/install/assignment1_rt/lib/assignment1_rt/ui_node
